<<<<<<< HEAD
c:\users\fakyring\source\repos\siaod_2\siaod_2\x64\debug\siaod_2.exe
c:\users\fakyring\source\repos\siaod_2\siaod_2\siaod_2\x64\debug\siaod_2.ilk
c:\users\fakyring\source\repos\siaod_2\siaod_2\x64\debug\siaod_2.pdb
c:\users\fakyring\source\repos\siaod_2\siaod_2\siaod_2\x64\debug\test.obj
c:\users\fakyring\source\repos\siaod_2\siaod_2\siaod_2\x64\debug\siaod_2.obj.enc
c:\users\fakyring\source\repos\siaod_2\siaod_2\siaod_2\x64\debug\vc143.idb
c:\users\fakyring\source\repos\siaod_2\siaod_2\siaod_2\x64\debug\vc143.pdb
c:\users\fakyring\source\repos\siaod_2\siaod_2\siaod_2\x64\debug\siaod_2.tlog\cl.command.1.tlog
c:\users\fakyring\source\repos\siaod_2\siaod_2\siaod_2\x64\debug\siaod_2.tlog\link.command.1.tlog
c:\users\fakyring\source\repos\siaod_2\siaod_2\siaod_2\x64\debug\siaod_2.tlog\link.read.1.tlog
c:\users\fakyring\source\repos\siaod_2\siaod_2\siaod_2\x64\debug\siaod_2.tlog\link.write.1.tlog
=======
c:\users\fakyring\source\repos\siaod_2\siaod_2\x64\debug\siaod_2.exe
c:\users\fakyring\source\repos\siaod_2\siaod_2\siaod_2\x64\debug\siaod_2.ilk
c:\users\fakyring\source\repos\siaod_2\siaod_2\x64\debug\siaod_2.pdb
c:\users\fakyring\source\repos\siaod_2\siaod_2\siaod_2\x64\debug\test.obj
c:\users\fakyring\source\repos\siaod_2\siaod_2\siaod_2\x64\debug\siaod_2.obj.enc
c:\users\fakyring\source\repos\siaod_2\siaod_2\siaod_2\x64\debug\vc143.idb
c:\users\fakyring\source\repos\siaod_2\siaod_2\siaod_2\x64\debug\vc143.pdb
c:\users\fakyring\source\repos\siaod_2\siaod_2\siaod_2\x64\debug\siaod_2.tlog\cl.command.1.tlog
c:\users\fakyring\source\repos\siaod_2\siaod_2\siaod_2\x64\debug\siaod_2.tlog\link.command.1.tlog
c:\users\fakyring\source\repos\siaod_2\siaod_2\siaod_2\x64\debug\siaod_2.tlog\link.read.1.tlog
c:\users\fakyring\source\repos\siaod_2\siaod_2\siaod_2\x64\debug\siaod_2.tlog\link.write.1.tlog
>>>>>>> ddf9d8d79fd3b881c01d622d2744033f85705c46
